-------------------------------------------------------------------------------
Test set: es.file.json.HechizoServiceTest
-------------------------------------------------------------------------------
Tests run: 9, Failures: 1, Errors: 8, Skipped: 0, Time elapsed: 0.024 s <<< FAILURE! - in es.file.json.HechizoServiceTest
es.file.json.HechizoServiceTest.addHechizoExistTest  Time elapsed: 0.001 s  <<< ERROR!
java.lang.NullPointerException: Cannot invoke "java.util.List.size()" because the return value of "es.file.json.tres.HechizoService.loadAll()" is null
	at es.file.json.HechizoServiceTest.afterEach(HechizoServiceTest.java:28)

es.file.json.HechizoServiceTest.HechizoNoEqualsTest  Time elapsed: 0.001 s  <<< ERROR!
java.lang.NullPointerException: Cannot invoke "java.util.List.size()" because the return value of "es.file.json.tres.HechizoService.loadAll()" is null
	at es.file.json.HechizoServiceTest.afterEach(HechizoServiceTest.java:28)

es.file.json.HechizoServiceTest.searchListHechizosRangeExistTest  Time elapsed: 0.001 s  <<< ERROR!
java.lang.NullPointerException: Cannot invoke "java.util.List.size()" because "hechizos" is null
	at es.file.json.HechizoServiceTest.searchListHechizosRangeExistTest(HechizoServiceTest.java:87)

es.file.json.HechizoServiceTest.searchHechizoByIdNegativoTest  Time elapsed: 0.001 s  <<< ERROR!
java.lang.NullPointerException: Cannot invoke "java.util.List.size()" because the return value of "es.file.json.tres.HechizoService.loadAll()" is null
	at es.file.json.HechizoServiceTest.afterEach(HechizoServiceTest.java:28)

es.file.json.HechizoServiceTest.searchHechizoDeleteNotExistTest  Time elapsed: 0.001 s  <<< ERROR!
java.lang.NullPointerException: Cannot invoke "java.util.List.size()" because the return value of "es.file.json.tres.HechizoService.loadAll()" is null
	at es.file.json.HechizoServiceTest.afterEach(HechizoServiceTest.java:28)

es.file.json.HechizoServiceTest.addHechizoTest  Time elapsed: 0.001 s  <<< ERROR!
java.lang.NullPointerException: Cannot invoke "java.util.List.size()" because the return value of "es.file.json.tres.HechizoService.loadAll()" is null
	at es.file.json.HechizoServiceTest.addHechizoTest(HechizoServiceTest.java:39)

es.file.json.HechizoServiceTest.searchHechizoByIdTest  Time elapsed: 0.001 s  <<< FAILURE!
org.opentest4j.AssertionFailedError: expected: <es.file.json.tres.Hechizo@4e928fbf> but was: <null>
	at es.file.json.HechizoServiceTest.searchHechizoByIdTest(HechizoServiceTest.java:57)

es.file.json.HechizoServiceTest.addHechizoNullTest  Time elapsed: 0.001 s  <<< ERROR!
java.lang.NullPointerException: Cannot invoke "java.util.List.size()" because the return value of "es.file.json.tres.HechizoService.loadAll()" is null
	at es.file.json.HechizoServiceTest.afterEach(HechizoServiceTest.java:28)

es.file.json.HechizoServiceTest.searchHechizoByIdNotExistTest  Time elapsed: 0.007 s  <<< ERROR!
java.lang.NullPointerException: Cannot invoke "java.util.List.size()" because the return value of "es.file.json.tres.HechizoService.loadAll()" is null
	at es.file.json.HechizoServiceTest.afterEach(HechizoServiceTest.java:28)

