<?xml version="1.0" encoding="UTF-8"?>
<testsuite xmlns:xsi="http://www.w3.org/2001/XMLSchema-instance" xsi:noNamespaceSchemaLocation="https://maven.apache.org/surefire/maven-surefire-plugin/xsd/surefire-test-report-3.0.xsd" version="3.0" name="es.file.json.TributoServiceTest" time="0.12" tests="9" errors="8" skipped="0" failures="1">
  <properties>
[...]
</properties>
  <testcase name="searchTributoByIdTest" classname="es.file.json.TributoServiceTest" time="0.062">
    <failure type="org.opentest4j.AssertionFailedError"><![CDATA[org.opentest4j.AssertionFailedError: expected: <es.file.json.dos.Tributo@76b07f29> but was: <null>
	at es.file.json.TributoServiceTest.searchTributoByIdTest(TributoServiceTest.java:56)
]]></failure>
  </testcase>
  <testcase name="addTributoNullTest" classname="es.file.json.TributoServiceTest" time="0.002">
    <error type="java.lang.NullPointerException"><![CDATA[java.lang.NullPointerException: Cannot invoke "java.util.List.size()" because the return value of "es.file.json.dos.TributoService.loadAll()" is null
	at es.file.json.TributoServiceTest.afterEach(TributoServiceTest.java:27)
]]></error>
  </testcase>
  <testcase name="searchListTributosRangeExistTest" classname="es.file.json.TributoServiceTest" time="0.002">
    <error type="java.lang.NullPointerException"><![CDATA[java.lang.NullPointerException: Cannot invoke "java.util.List.size()" because "tributos" is null
	at es.file.json.TributoServiceTest.searchListTributosRangeExistTest(TributoServiceTest.java:83)
]]></error>
  </testcase>
  <testcase name="searchTributoByIdNotExistTest" classname="es.file.json.TributoServiceTest" time="0.002">
    <error type="java.lang.NullPointerException"><![CDATA[java.lang.NullPointerException: Cannot invoke "java.util.List.size()" because the return value of "es.file.json.dos.TributoService.loadAll()" is null
	at es.file.json.TributoServiceTest.afterEach(TributoServiceTest.java:27)
]]></error>
  </testcase>
  <testcase name="searchTributoDeleteNotExistTest" classname="es.file.json.TributoServiceTest" time="0.001">
    <error type="java.lang.NullPointerException"><![CDATA[java.lang.NullPointerException: Cannot invoke "java.util.List.size()" because the return value of "es.file.json.dos.TributoService.loadAll()" is null
	at es.file.json.TributoServiceTest.afterEach(TributoServiceTest.java:27)
]]></error>
  </testcase>
  <testcase name="addTributoTest" classname="es.file.json.TributoServiceTest" time="0.003">
    <error type="java.lang.NullPointerException"><![CDATA[java.lang.NullPointerException: Cannot invoke "java.util.List.size()" because the return value of "es.file.json.dos.TributoService.loadAll()" is null
	at es.file.json.TributoServiceTest.addTributoTest(TributoServiceTest.java:38)
]]></error>
  </testcase>
  <testcase name="searchTributoByIdNegativoTest" classname="es.file.json.TributoServiceTest" time="0.001">
    <error type="java.lang.NullPointerException"><![CDATA[java.lang.NullPointerException: Cannot invoke "java.util.List.size()" because the return value of "es.file.json.dos.TributoService.loadAll()" is null
	at es.file.json.TributoServiceTest.afterEach(TributoServiceTest.java:27)
]]></error>
  </testcase>
  <testcase name="addTributoExistTest" classname="es.file.json.TributoServiceTest" time="0.001">
    <error type="java.lang.NullPointerException"><![CDATA[java.lang.NullPointerException: Cannot invoke "java.util.List.size()" because the return value of "es.file.json.dos.TributoService.loadAll()" is null
	at es.file.json.TributoServiceTest.afterEach(TributoServiceTest.java:27)
]]></error>
  </testcase>
  <testcase name="tributoNoEqualsTest" classname="es.file.json.TributoServiceTest" time="0.002">
    <error type="java.lang.NullPointerException"><![CDATA[java.lang.NullPointerException: Cannot invoke "java.util.List.size()" because the return value of "es.file.json.dos.TributoService.loadAll()" is null
	at es.file.json.TributoServiceTest.afterEach(TributoServiceTest.java:27)
]]></error>
  </testcase>
</testsuite>